{"D:\\JalaUniversity\\Semestre IV\\PROGRAMACION IV\\Laboratorio\\aldo-ochoa\\Labs\\Week4\\Activity1\\src\\activity1.js": {"path":"D:\\JalaUniversity\\Semestre IV\\PROGRAMACION IV\\Laboratorio\\aldo-ochoa\\Labs\\Week4\\Activity1\\src\\activity1.js","statementMap":{"0":{"start":{"line":2,"column":16},"end":{"line":2,"column":26}},"1":{"start":{"line":3,"column":18},"end":{"line":3,"column":31}},"2":{"start":{"line":4,"column":20},"end":{"line":4,"column":34}},"3":{"start":{"line":6,"column":4},"end":{"line":14,"column":5}},"4":{"start":{"line":7,"column":6},"end":{"line":7,"column":24}},"5":{"start":{"line":8,"column":11},"end":{"line":14,"column":5}},"6":{"start":{"line":9,"column":6},"end":{"line":9,"column":25}},"7":{"start":{"line":10,"column":11},"end":{"line":14,"column":5}},"8":{"start":{"line":11,"column":6},"end":{"line":11,"column":22}},"9":{"start":{"line":13,"column":6},"end":{"line":13,"column":20}},"10":{"start":{"line":18,"column":14},"end":{"line":18,"column":34}},"11":{"start":{"line":19,"column":2},"end":{"line":19,"column":56}},"12":{"start":{"line":20,"column":14},"end":{"line":20,"column":34}},"13":{"start":{"line":21,"column":2},"end":{"line":21,"column":57}},"14":{"start":{"line":22,"column":14},"end":{"line":22,"column":34}},"15":{"start":{"line":23,"column":2},"end":{"line":23,"column":57}},"16":{"start":{"line":24,"column":14},"end":{"line":24,"column":34}},"17":{"start":{"line":25,"column":2},"end":{"line":25,"column":57}},"18":{"start":{"line":26,"column":14},"end":{"line":26,"column":34}},"19":{"start":{"line":27,"column":2},"end":{"line":27,"column":57}}},"fnMap":{"0":{"name":"isDateTomorrowYesterdayFutureOrPast","decl":{"start":{"line":1,"column":16},"end":{"line":1,"column":51}},"loc":{"start":{"line":1,"column":58},"end":{"line":15,"column":3}},"line":1}},"branchMap":{"0":{"loc":{"start":{"line":6,"column":4},"end":{"line":14,"column":5}},"type":"if","locations":[{"start":{"line":6,"column":4},"end":{"line":14,"column":5}},{"start":{"line":8,"column":11},"end":{"line":14,"column":5}}],"line":6},"1":{"loc":{"start":{"line":8,"column":11},"end":{"line":14,"column":5}},"type":"if","locations":[{"start":{"line":8,"column":11},"end":{"line":14,"column":5}},{"start":{"line":10,"column":11},"end":{"line":14,"column":5}}],"line":8},"2":{"loc":{"start":{"line":10,"column":11},"end":{"line":14,"column":5}},"type":"if","locations":[{"start":{"line":10,"column":11},"end":{"line":14,"column":5}},{"start":{"line":12,"column":11},"end":{"line":14,"column":5}}],"line":10}},"s":{"0":9,"1":9,"2":9,"3":9,"4":2,"5":7,"6":2,"7":5,"8":2,"9":3,"10":1,"11":1,"12":1,"13":1,"14":1,"15":1,"16":1,"17":1,"18":1,"19":1},"f":{"0":9},"b":{"0":[2,7],"1":[2,5],"2":[2,3]},"_coverageSchema":"1a1c01bbd47fc00a2c39e90264f33305004495a9","hash":"707df187da3d29a72b4da52498a649bcc60606d4"}
}
