{"D:\\JalaUniversity\\Semestre IV\\PROGRAMACION IV\\Laboratorio\\aldo-ochoa\\MasterClassActivities\\Capstone\\src\\Business\\Models\\Card.Model.js": {"path":"D:\\JalaUniversity\\Semestre IV\\PROGRAMACION IV\\Laboratorio\\aldo-ochoa\\MasterClassActivities\\Capstone\\src\\Business\\Models\\Card.Model.js","statementMap":{"0":{"start":{"line":6,"column":13},"end":{"line":26,"column":2}}},"fnMap":{},"branchMap":{},"s":{"0":1},"f":{},"b":{},"_coverageSchema":"1a1c01bbd47fc00a2c39e90264f33305004495a9","hash":"3bb66a3485f1c88b9db9ddcfea0133cb97ff5edc"}
,"D:\\JalaUniversity\\Semestre IV\\PROGRAMACION IV\\Laboratorio\\aldo-ochoa\\MasterClassActivities\\Capstone\\src\\Business\\Models\\Game.Model.js": {"path":"D:\\JalaUniversity\\Semestre IV\\PROGRAMACION IV\\Laboratorio\\aldo-ochoa\\MasterClassActivities\\Capstone\\src\\Business\\Models\\Game.Model.js","statementMap":{"0":{"start":{"line":6,"column":13},"end":{"line":36,"column":2}}},"fnMap":{},"branchMap":{},"s":{"0":2},"f":{},"b":{},"_coverageSchema":"1a1c01bbd47fc00a2c39e90264f33305004495a9","hash":"82b9d14931679d34f4893743d86bc63088b38792"}
,"D:\\JalaUniversity\\Semestre IV\\PROGRAMACION IV\\Laboratorio\\aldo-ochoa\\MasterClassActivities\\Capstone\\src\\Business\\Models\\Player.Model.js": {"path":"D:\\JalaUniversity\\Semestre IV\\PROGRAMACION IV\\Laboratorio\\aldo-ochoa\\MasterClassActivities\\Capstone\\src\\Business\\Models\\Player.Model.js","statementMap":{"0":{"start":{"line":4,"column":15},"end":{"line":32,"column":2}}},"fnMap":{},"branchMap":{},"s":{"0":2},"f":{},"b":{},"_coverageSchema":"1a1c01bbd47fc00a2c39e90264f33305004495a9","hash":"0df93b5f3a04d770d837b8453af952b4a7fa50e9"}
,"D:\\JalaUniversity\\Semestre IV\\PROGRAMACION IV\\Laboratorio\\aldo-ochoa\\MasterClassActivities\\Capstone\\src\\Business\\Models\\PlayerGame.Model.js": {"path":"D:\\JalaUniversity\\Semestre IV\\PROGRAMACION IV\\Laboratorio\\aldo-ochoa\\MasterClassActivities\\Capstone\\src\\Business\\Models\\PlayerGame.Model.js","statementMap":{"0":{"start":{"line":4,"column":19},"end":{"line":27,"column":2}}},"fnMap":{},"branchMap":{},"s":{"0":1},"f":{},"b":{},"_coverageSchema":"1a1c01bbd47fc00a2c39e90264f33305004495a9","hash":"96b5226bc6abf25cbadbfa9428dcfe9c242643dc"}
,"D:\\JalaUniversity\\Semestre IV\\PROGRAMACION IV\\Laboratorio\\aldo-ochoa\\MasterClassActivities\\Capstone\\src\\Business\\errors\\appError.js": {"path":"D:\\JalaUniversity\\Semestre IV\\PROGRAMACION IV\\Laboratorio\\aldo-ochoa\\MasterClassActivities\\Capstone\\src\\Business\\errors\\appError.js","statementMap":{"0":{"start":{"line":3,"column":8},"end":{"line":3,"column":23}},"1":{"start":{"line":4,"column":8},"end":{"line":4,"column":37}},"2":{"start":{"line":5,"column":8},"end":{"line":5,"column":73}},"3":{"start":{"line":6,"column":8},"end":{"line":6,"column":34}},"4":{"start":{"line":8,"column":8},"end":{"line":8,"column":55}}},"fnMap":{"0":{"name":"(anonymous_0)","decl":{"start":{"line":2,"column":4},"end":{"line":2,"column":5}},"loc":{"start":{"line":2,"column":35},"end":{"line":9,"column":5}},"line":2}},"branchMap":{"0":{"loc":{"start":{"line":5,"column":22},"end":{"line":5,"column":72}},"type":"cond-expr","locations":[{"start":{"line":5,"column":56},"end":{"line":5,"column":63}},{"start":{"line":5,"column":66},"end":{"line":5,"column":72}}],"line":5}},"s":{"0":1,"1":1,"2":1,"3":1,"4":1},"f":{"0":1},"b":{"0":[1,0]},"_coverageSchema":"1a1c01bbd47fc00a2c39e90264f33305004495a9","hash":"364105ae315d91a5f65745d63aa82110e065b6bc"}
,"D:\\JalaUniversity\\Semestre IV\\PROGRAMACION IV\\Laboratorio\\aldo-ochoa\\MasterClassActivities\\Capstone\\src\\Business\\errors\\cathAsync.js": {"path":"D:\\JalaUniversity\\Semestre IV\\PROGRAMACION IV\\Laboratorio\\aldo-ochoa\\MasterClassActivities\\Capstone\\src\\Business\\errors\\cathAsync.js","statementMap":{"0":{"start":{"line":1,"column":26},"end":{"line":5,"column":1}},"1":{"start":{"line":2,"column":4},"end":{"line":4,"column":5}},"2":{"start":{"line":3,"column":8},"end":{"line":3,"column":37}}},"fnMap":{"0":{"name":"(anonymous_0)","decl":{"start":{"line":1,"column":26},"end":{"line":1,"column":27}},"loc":{"start":{"line":1,"column":34},"end":{"line":5,"column":1}},"line":1},"1":{"name":"(anonymous_1)","decl":{"start":{"line":2,"column":10},"end":{"line":2,"column":11}},"loc":{"start":{"line":2,"column":28},"end":{"line":4,"column":5}},"line":2}},"branchMap":{},"s":{"0":3,"1":25,"2":32},"f":{"0":25,"1":32},"b":{},"_coverageSchema":"1a1c01bbd47fc00a2c39e90264f33305004495a9","hash":"fd22efee13fecb82147331301475351c83c9e641"}
,"D:\\JalaUniversity\\Semestre IV\\PROGRAMACION IV\\Laboratorio\\aldo-ochoa\\MasterClassActivities\\Capstone\\src\\Business\\errors\\extractErrorData.js": {"path":"D:\\JalaUniversity\\Semestre IV\\PROGRAMACION IV\\Laboratorio\\aldo-ochoa\\MasterClassActivities\\Capstone\\src\\Business\\errors\\extractErrorData.js","statementMap":{"0":{"start":{"line":1,"column":37},"end":{"line":14,"column":1}},"1":{"start":{"line":4,"column":21},"end":{"line":4,"column":46}},"2":{"start":{"line":6,"column":4},"end":{"line":6,"column":77}},"3":{"start":{"line":6,"column":18},"end":{"line":6,"column":77}},"4":{"start":{"line":7,"column":4},"end":{"line":7,"column":47}},"5":{"start":{"line":7,"column":18},"end":{"line":7,"column":47}},"6":{"start":{"line":9,"column":4},"end":{"line":13,"column":6}}},"fnMap":{"0":{"name":"(anonymous_0)","decl":{"start":{"line":1,"column":37},"end":{"line":1,"column":38}},"loc":{"start":{"line":1,"column":59},"end":{"line":14,"column":1}},"line":1}},"branchMap":{"0":{"loc":{"start":{"line":6,"column":4},"end":{"line":6,"column":77}},"type":"if","locations":[{"start":{"line":6,"column":4},"end":{"line":6,"column":77}},{"start":{},"end":{}}],"line":6},"1":{"loc":{"start":{"line":7,"column":4},"end":{"line":7,"column":47}},"type":"if","locations":[{"start":{"line":7,"column":4},"end":{"line":7,"column":47}},{"start":{},"end":{}}],"line":7}},"s":{"0":3,"1":9,"2":9,"3":3,"4":9,"5":6,"6":9},"f":{"0":9},"b":{"0":[3,6],"1":[6,3]},"_coverageSchema":"1a1c01bbd47fc00a2c39e90264f33305004495a9","hash":"540f7de5ffbfd539ad82613e32dc450e3ee7bea2"}
,"D:\\JalaUniversity\\Semestre IV\\PROGRAMACION IV\\Laboratorio\\aldo-ochoa\\MasterClassActivities\\Capstone\\src\\Business\\middleware\\card.middleware.js": {"path":"D:\\JalaUniversity\\Semestre IV\\PROGRAMACION IV\\Laboratorio\\aldo-ochoa\\MasterClassActivities\\Capstone\\src\\Business\\middleware\\card.middleware.js","statementMap":{"0":{"start":{"line":8,"column":33},"end":{"line":17,"column":2}},"1":{"start":{"line":10,"column":17},"end":{"line":10,"column":27}},"2":{"start":{"line":11,"column":17},"end":{"line":11,"column":50}},"3":{"start":{"line":12,"column":4},"end":{"line":14,"column":5}},"4":{"start":{"line":13,"column":8},"end":{"line":13,"column":73}},"5":{"start":{"line":15,"column":4},"end":{"line":15,"column":20}},"6":{"start":{"line":16,"column":4},"end":{"line":16,"column":10}}},"fnMap":{"0":{"name":"(anonymous_0)","decl":{"start":{"line":8,"column":44},"end":{"line":8,"column":45}},"loc":{"start":{"line":8,"column":65},"end":{"line":17,"column":1}},"line":8}},"branchMap":{"0":{"loc":{"start":{"line":12,"column":4},"end":{"line":14,"column":5}},"type":"if","locations":[{"start":{"line":12,"column":4},"end":{"line":14,"column":5}},{"start":{},"end":{}}],"line":12}},"s":{"0":1,"1":4,"2":4,"3":4,"4":0,"5":4,"6":4},"f":{"0":4},"b":{"0":[0,4]},"_coverageSchema":"1a1c01bbd47fc00a2c39e90264f33305004495a9","hash":"c49d99c6c2fd79a329e1f97c49b88baa130056e1"}
,"D:\\JalaUniversity\\Semestre IV\\PROGRAMACION IV\\Laboratorio\\aldo-ochoa\\MasterClassActivities\\Capstone\\src\\Business\\middleware\\game.middleware.js": {"path":"D:\\JalaUniversity\\Semestre IV\\PROGRAMACION IV\\Laboratorio\\aldo-ochoa\\MasterClassActivities\\Capstone\\src\\Business\\middleware\\game.middleware.js","statementMap":{"0":{"start":{"line":8,"column":33},"end":{"line":17,"column":2}},"1":{"start":{"line":10,"column":17},"end":{"line":10,"column":27}},"2":{"start":{"line":11,"column":17},"end":{"line":11,"column":50}},"3":{"start":{"line":12,"column":4},"end":{"line":14,"column":5}},"4":{"start":{"line":13,"column":8},"end":{"line":13,"column":73}},"5":{"start":{"line":15,"column":4},"end":{"line":15,"column":20}},"6":{"start":{"line":16,"column":4},"end":{"line":16,"column":10}}},"fnMap":{"0":{"name":"(anonymous_0)","decl":{"start":{"line":8,"column":44},"end":{"line":8,"column":45}},"loc":{"start":{"line":8,"column":65},"end":{"line":17,"column":1}},"line":8}},"branchMap":{"0":{"loc":{"start":{"line":12,"column":4},"end":{"line":14,"column":5}},"type":"if","locations":[{"start":{"line":12,"column":4},"end":{"line":14,"column":5}},{"start":{},"end":{}}],"line":12}},"s":{"0":1,"1":4,"2":4,"3":4,"4":0,"5":4,"6":4},"f":{"0":4},"b":{"0":[0,4]},"_coverageSchema":"1a1c01bbd47fc00a2c39e90264f33305004495a9","hash":"f2950e0f2ec11c8b638ecc6c496cff7323cf5621"}
,"D:\\JalaUniversity\\Semestre IV\\PROGRAMACION IV\\Laboratorio\\aldo-ochoa\\MasterClassActivities\\Capstone\\src\\Business\\middleware\\player.middleware.js": {"path":"D:\\JalaUniversity\\Semestre IV\\PROGRAMACION IV\\Laboratorio\\aldo-ochoa\\MasterClassActivities\\Capstone\\src\\Business\\middleware\\player.middleware.js","statementMap":{"0":{"start":{"line":12,"column":35},"end":{"line":21,"column":2}},"1":{"start":{"line":14,"column":17},"end":{"line":14,"column":27}},"2":{"start":{"line":15,"column":19},"end":{"line":15,"column":56}},"3":{"start":{"line":16,"column":4},"end":{"line":18,"column":5}},"4":{"start":{"line":17,"column":8},"end":{"line":17,"column":75}},"5":{"start":{"line":19,"column":4},"end":{"line":19,"column":24}},"6":{"start":{"line":20,"column":4},"end":{"line":20,"column":10}},"7":{"start":{"line":24,"column":43},"end":{"line":32,"column":2}},"8":{"start":{"line":26,"column":23},"end":{"line":26,"column":31}},"9":{"start":{"line":27,"column":19},"end":{"line":27,"column":70}},"10":{"start":{"line":28,"column":4},"end":{"line":30,"column":5}},"11":{"start":{"line":29,"column":8},"end":{"line":29,"column":84}},"12":{"start":{"line":31,"column":8},"end":{"line":31,"column":21}},"13":{"start":{"line":35,"column":23},"end":{"line":59,"column":2}},"14":{"start":{"line":38,"column":4},"end":{"line":41,"column":5}},"15":{"start":{"line":39,"column":8},"end":{"line":39,"column":56}},"16":{"start":{"line":40,"column":8},"end":{"line":40,"column":44}},"17":{"start":{"line":42,"column":4},"end":{"line":44,"column":5}},"18":{"start":{"line":43,"column":8},"end":{"line":43,"column":93}},"19":{"start":{"line":46,"column":4},"end":{"line":48,"column":5}},"20":{"start":{"line":47,"column":8},"end":{"line":47,"column":74}},"21":{"start":{"line":50,"column":20},"end":{"line":50,"column":76}},"22":{"start":{"line":52,"column":4},"end":{"line":52,"column":47}},"23":{"start":{"line":53,"column":19},"end":{"line":53,"column":64}},"24":{"start":{"line":54,"column":4},"end":{"line":56,"column":5}},"25":{"start":{"line":55,"column":8},"end":{"line":55,"column":89}},"26":{"start":{"line":57,"column":4},"end":{"line":57,"column":24}},"27":{"start":{"line":58,"column":4},"end":{"line":58,"column":11}}},"fnMap":{"0":{"name":"(anonymous_0)","decl":{"start":{"line":12,"column":46},"end":{"line":12,"column":47}},"loc":{"start":{"line":12,"column":67},"end":{"line":21,"column":1}},"line":12},"1":{"name":"(anonymous_1)","decl":{"start":{"line":24,"column":54},"end":{"line":24,"column":55}},"loc":{"start":{"line":24,"column":75},"end":{"line":32,"column":1}},"line":24},"2":{"name":"(anonymous_2)","decl":{"start":{"line":35,"column":34},"end":{"line":35,"column":35}},"loc":{"start":{"line":35,"column":60},"end":{"line":59,"column":1}},"line":35}},"branchMap":{"0":{"loc":{"start":{"line":16,"column":4},"end":{"line":18,"column":5}},"type":"if","locations":[{"start":{"line":16,"column":4},"end":{"line":18,"column":5}},{"start":{},"end":{}}],"line":16},"1":{"loc":{"start":{"line":28,"column":4},"end":{"line":30,"column":5}},"type":"if","locations":[{"start":{"line":28,"column":4},"end":{"line":30,"column":5}},{"start":{},"end":{}}],"line":28},"2":{"loc":{"start":{"line":38,"column":4},"end":{"line":41,"column":5}},"type":"if","locations":[{"start":{"line":38,"column":4},"end":{"line":41,"column":5}},{"start":{},"end":{}}],"line":38},"3":{"loc":{"start":{"line":38,"column":8},"end":{"line":38,"column":83}},"type":"binary-expr","locations":[{"start":{"line":38,"column":8},"end":{"line":38,"column":33}},{"start":{"line":38,"column":37},"end":{"line":38,"column":83}}],"line":38},"4":{"loc":{"start":{"line":42,"column":4},"end":{"line":44,"column":5}},"type":"if","locations":[{"start":{"line":42,"column":4},"end":{"line":44,"column":5}},{"start":{},"end":{}}],"line":42},"5":{"loc":{"start":{"line":46,"column":4},"end":{"line":48,"column":5}},"type":"if","locations":[{"start":{"line":46,"column":4},"end":{"line":48,"column":5}},{"start":{},"end":{}}],"line":46},"6":{"loc":{"start":{"line":54,"column":4},"end":{"line":56,"column":5}},"type":"if","locations":[{"start":{"line":54,"column":4},"end":{"line":56,"column":5}},{"start":{},"end":{}}],"line":54}},"s":{"0":1,"1":0,"2":0,"3":0,"4":0,"5":0,"6":0,"7":1,"8":2,"9":2,"10":2,"11":0,"12":2,"13":1,"14":4,"15":3,"16":3,"17":4,"18":1,"19":3,"20":0,"21":3,"22":0,"23":0,"24":0,"25":0,"26":0,"27":0},"f":{"0":0,"1":2,"2":4},"b":{"0":[0,0],"1":[0,2],"2":[3,1],"3":[4,3],"4":[1,3],"5":[0,3],"6":[0,0]},"_coverageSchema":"1a1c01bbd47fc00a2c39e90264f33305004495a9","hash":"e5c3e83f9690138becec4d551b666b6bf80aeba9"}
,"D:\\JalaUniversity\\Semestre IV\\PROGRAMACION IV\\Laboratorio\\aldo-ochoa\\MasterClassActivities\\Capstone\\src\\Business\\plugins\\generate-jwt.plugin.js": {"path":"D:\\JalaUniversity\\Semestre IV\\PROGRAMACION IV\\Laboratorio\\aldo-ochoa\\MasterClassActivities\\Capstone\\src\\Business\\plugins\\generate-jwt.plugin.js","statementMap":{"0":{"start":{"line":5,"column":27},"end":{"line":22,"column":1}},"1":{"start":{"line":6,"column":4},"end":{"line":21,"column":7}},"2":{"start":{"line":7,"column":24},"end":{"line":7,"column":42}},"3":{"start":{"line":9,"column":8},"end":{"line":20,"column":10}},"4":{"start":{"line":17,"column":16},"end":{"line":17,"column":36}},"5":{"start":{"line":17,"column":24},"end":{"line":17,"column":36}},"6":{"start":{"line":18,"column":16},"end":{"line":18,"column":30}}},"fnMap":{"0":{"name":"(anonymous_0)","decl":{"start":{"line":5,"column":27},"end":{"line":5,"column":28}},"loc":{"start":{"line":5,"column":48},"end":{"line":22,"column":1}},"line":5},"1":{"name":"(anonymous_1)","decl":{"start":{"line":6,"column":23},"end":{"line":6,"column":24}},"loc":{"start":{"line":6,"column":44},"end":{"line":21,"column":5}},"line":6},"2":{"name":"(anonymous_2)","decl":{"start":{"line":16,"column":12},"end":{"line":16,"column":13}},"loc":{"start":{"line":16,"column":27},"end":{"line":19,"column":13}},"line":16}},"branchMap":{"0":{"loc":{"start":{"line":17,"column":16},"end":{"line":17,"column":36}},"type":"if","locations":[{"start":{"line":17,"column":16},"end":{"line":17,"column":36}},{"start":{},"end":{}}],"line":17}},"s":{"0":2,"1":2,"2":2,"3":2,"4":2,"5":1,"6":2},"f":{"0":2,"1":2,"2":2},"b":{"0":[1,1]},"_coverageSchema":"1a1c01bbd47fc00a2c39e90264f33305004495a9","hash":"765d53be042f7636efb3f939ec6bee37e848a5fc"}
,"D:\\JalaUniversity\\Semestre IV\\PROGRAMACION IV\\Laboratorio\\aldo-ochoa\\MasterClassActivities\\Capstone\\src\\Business\\schemas\\card.schema.js": {"path":"D:\\JalaUniversity\\Semestre IV\\PROGRAMACION IV\\Laboratorio\\aldo-ochoa\\MasterClassActivities\\Capstone\\src\\Business\\schemas\\card.schema.js","statementMap":{"0":{"start":{"line":4,"column":19},"end":{"line":17,"column":2}},"1":{"start":{"line":20,"column":19},"end":{"line":20,"column":45}},"2":{"start":{"line":26,"column":8},"end":{"line":26,"column":37}},"3":{"start":{"line":27,"column":4},"end":{"line":31,"column":5}},"4":{"start":{"line":35,"column":19},"end":{"line":35,"column":55}},"5":{"start":{"line":40,"column":8},"end":{"line":40,"column":37}},"6":{"start":{"line":41,"column":4},"end":{"line":45,"column":5}}},"fnMap":{"0":{"name":"validateCard","decl":{"start":{"line":19,"column":16},"end":{"line":19,"column":28}},"loc":{"start":{"line":19,"column":34},"end":{"line":32,"column":1}},"line":19},"1":{"name":"validatePartialCard","decl":{"start":{"line":34,"column":16},"end":{"line":34,"column":35}},"loc":{"start":{"line":34,"column":41},"end":{"line":46,"column":1}},"line":34}},"branchMap":{},"s":{"0":1,"1":2,"2":2,"3":2,"4":1,"5":1,"6":1},"f":{"0":2,"1":1},"b":{},"_coverageSchema":"1a1c01bbd47fc00a2c39e90264f33305004495a9","hash":"535ef5e63bd2a0ed495e5a2231b522c449d451a3"}
,"D:\\JalaUniversity\\Semestre IV\\PROGRAMACION IV\\Laboratorio\\aldo-ochoa\\MasterClassActivities\\Capstone\\src\\Business\\schemas\\game.schemas.js": {"path":"D:\\JalaUniversity\\Semestre IV\\PROGRAMACION IV\\Laboratorio\\aldo-ochoa\\MasterClassActivities\\Capstone\\src\\Business\\schemas\\game.schemas.js","statementMap":{"0":{"start":{"line":5,"column":19},"end":{"line":22,"column":2}},"1":{"start":{"line":27,"column":19},"end":{"line":27,"column":45}},"2":{"start":{"line":32,"column":8},"end":{"line":32,"column":37}},"3":{"start":{"line":33,"column":4},"end":{"line":37,"column":5}},"4":{"start":{"line":41,"column":19},"end":{"line":41,"column":55}},"5":{"start":{"line":46,"column":8},"end":{"line":46,"column":37}},"6":{"start":{"line":47,"column":4},"end":{"line":51,"column":5}}},"fnMap":{"0":{"name":"validateGame","decl":{"start":{"line":25,"column":16},"end":{"line":25,"column":28}},"loc":{"start":{"line":25,"column":34},"end":{"line":38,"column":1}},"line":25},"1":{"name":"validatePartialGame","decl":{"start":{"line":40,"column":16},"end":{"line":40,"column":35}},"loc":{"start":{"line":40,"column":41},"end":{"line":52,"column":1}},"line":40}},"branchMap":{},"s":{"0":2,"1":2,"2":2,"3":2,"4":1,"5":1,"6":1},"f":{"0":2,"1":1},"b":{},"_coverageSchema":"1a1c01bbd47fc00a2c39e90264f33305004495a9","hash":"923f2692e6d342321b3508d23088081306dd4e30"}
,"D:\\JalaUniversity\\Semestre IV\\PROGRAMACION IV\\Laboratorio\\aldo-ochoa\\MasterClassActivities\\Capstone\\src\\Business\\schemas\\player.schema.js": {"path":"D:\\JalaUniversity\\Semestre IV\\PROGRAMACION IV\\Laboratorio\\aldo-ochoa\\MasterClassActivities\\Capstone\\src\\Business\\schemas\\player.schema.js","statementMap":{"0":{"start":{"line":4,"column":21},"end":{"line":29,"column":2}},"1":{"start":{"line":32,"column":19},"end":{"line":32,"column":47}},"2":{"start":{"line":37,"column":8},"end":{"line":37,"column":37}},"3":{"start":{"line":38,"column":4},"end":{"line":42,"column":5}},"4":{"start":{"line":47,"column":19},"end":{"line":47,"column":57}},"5":{"start":{"line":52,"column":8},"end":{"line":52,"column":37}},"6":{"start":{"line":53,"column":4},"end":{"line":57,"column":5}}},"fnMap":{"0":{"name":"validatePlayer","decl":{"start":{"line":31,"column":16},"end":{"line":31,"column":30}},"loc":{"start":{"line":31,"column":36},"end":{"line":43,"column":1}},"line":31},"1":{"name":"validatePartialPlayer","decl":{"start":{"line":46,"column":16},"end":{"line":46,"column":37}},"loc":{"start":{"line":46,"column":43},"end":{"line":58,"column":1}},"line":46}},"branchMap":{},"s":{"0":1,"1":2,"2":2,"3":2,"4":1,"5":1,"6":1},"f":{"0":2,"1":1},"b":{},"_coverageSchema":"1a1c01bbd47fc00a2c39e90264f33305004495a9","hash":"4eb2552fd77335f23a6e976588dc1bc0abf876d2"}
,"D:\\JalaUniversity\\Semestre IV\\PROGRAMACION IV\\Laboratorio\\aldo-ochoa\\MasterClassActivities\\Capstone\\src\\Data\\Database\\Connection.js": {"path":"D:\\JalaUniversity\\Semestre IV\\PROGRAMACION IV\\Laboratorio\\aldo-ochoa\\MasterClassActivities\\Capstone\\src\\Data\\Database\\Connection.js","statementMap":{"0":{"start":{"line":4,"column":25},"end":{"line":11,"column":2}},"1":{"start":{"line":13,"column":29},"end":{"line":20,"column":1}},"2":{"start":{"line":14,"column":4},"end":{"line":19,"column":5}},"3":{"start":{"line":15,"column":8},"end":{"line":15,"column":38}},"4":{"start":{"line":16,"column":8},"end":{"line":16,"column":54}},"5":{"start":{"line":18,"column":8},"end":{"line":18,"column":26}},"6":{"start":{"line":22,"column":22},"end":{"line":31,"column":1}},"7":{"start":{"line":23,"column":4},"end":{"line":30,"column":5}},"8":{"start":{"line":24,"column":8},"end":{"line":26,"column":11}},"9":{"start":{"line":27,"column":8},"end":{"line":27,"column":50}},"10":{"start":{"line":29,"column":8},"end":{"line":29,"column":26}}},"fnMap":{"0":{"name":"(anonymous_0)","decl":{"start":{"line":13,"column":29},"end":{"line":13,"column":30}},"loc":{"start":{"line":13,"column":38},"end":{"line":20,"column":1}},"line":13},"1":{"name":"(anonymous_1)","decl":{"start":{"line":22,"column":22},"end":{"line":22,"column":23}},"loc":{"start":{"line":22,"column":31},"end":{"line":31,"column":1}},"line":22}},"branchMap":{},"s":{"0":9,"1":9,"2":0,"3":0,"4":0,"5":0,"6":9,"7":0,"8":0,"9":0,"10":0},"f":{"0":0,"1":0},"b":{},"_coverageSchema":"1a1c01bbd47fc00a2c39e90264f33305004495a9","hash":"888e9c3d95bfe3ff41bcc1e884e12f4380518510"}
,"D:\\JalaUniversity\\Semestre IV\\PROGRAMACION IV\\Laboratorio\\aldo-ochoa\\MasterClassActivities\\Capstone\\src\\Data\\Service\\Card.Service.js": {"path":"D:\\JalaUniversity\\Semestre IV\\PROGRAMACION IV\\Laboratorio\\aldo-ochoa\\MasterClassActivities\\Capstone\\src\\Data\\Service\\Card.Service.js","statementMap":{"0":{"start":{"line":6,"column":8},"end":{"line":13,"column":10}},"1":{"start":{"line":16,"column":8},"end":{"line":16,"column":35}},"2":{"start":{"line":20,"column":8},"end":{"line":20,"column":38}},"3":{"start":{"line":24,"column":8},"end":{"line":24,"column":38}},"4":{"start":{"line":28,"column":21},"end":{"line":28,"column":44}},"5":{"start":{"line":29,"column":8},"end":{"line":32,"column":9}},"6":{"start":{"line":30,"column":12},"end":{"line":30,"column":33}},"7":{"start":{"line":31,"column":12},"end":{"line":31,"column":24}},"8":{"start":{"line":33,"column":8},"end":{"line":33,"column":20}}},"fnMap":{"0":{"name":"(anonymous_0)","decl":{"start":{"line":5,"column":4},"end":{"line":5,"column":5}},"loc":{"start":{"line":5,"column":32},"end":{"line":14,"column":5}},"line":5},"1":{"name":"(anonymous_1)","decl":{"start":{"line":15,"column":4},"end":{"line":15,"column":5}},"loc":{"start":{"line":15,"column":31},"end":{"line":17,"column":5}},"line":15},"2":{"name":"(anonymous_2)","decl":{"start":{"line":19,"column":4},"end":{"line":19,"column":5}},"loc":{"start":{"line":19,"column":38},"end":{"line":21,"column":5}},"line":19},"3":{"name":"(anonymous_3)","decl":{"start":{"line":23,"column":4},"end":{"line":23,"column":5}},"loc":{"start":{"line":23,"column":33},"end":{"line":25,"column":5}},"line":23},"4":{"name":"(anonymous_4)","decl":{"start":{"line":27,"column":4},"end":{"line":27,"column":5}},"loc":{"start":{"line":27,"column":31},"end":{"line":34,"column":5}},"line":27}},"branchMap":{"0":{"loc":{"start":{"line":29,"column":8},"end":{"line":32,"column":9}},"type":"if","locations":[{"start":{"line":29,"column":8},"end":{"line":32,"column":9}},{"start":{},"end":{}}],"line":29}},"s":{"0":1,"1":1,"2":0,"3":1,"4":1,"5":1,"6":1,"7":1,"8":0},"f":{"0":1,"1":1,"2":0,"3":1,"4":1},"b":{"0":[1,0]},"_coverageSchema":"1a1c01bbd47fc00a2c39e90264f33305004495a9","hash":"c4366d3ba59ee08fd34f3757b4638457c41f2293"}
,"D:\\JalaUniversity\\Semestre IV\\PROGRAMACION IV\\Laboratorio\\aldo-ochoa\\MasterClassActivities\\Capstone\\src\\Data\\Service\\Game.Service.js": {"path":"D:\\JalaUniversity\\Semestre IV\\PROGRAMACION IV\\Laboratorio\\aldo-ochoa\\MasterClassActivities\\Capstone\\src\\Data\\Service\\Game.Service.js","statementMap":{"0":{"start":{"line":6,"column":8},"end":{"line":13,"column":10}},"1":{"start":{"line":16,"column":8},"end":{"line":16,"column":35}},"2":{"start":{"line":20,"column":8},"end":{"line":20,"column":38}},"3":{"start":{"line":24,"column":8},"end":{"line":24,"column":38}},"4":{"start":{"line":28,"column":21},"end":{"line":28,"column":44}},"5":{"start":{"line":29,"column":8},"end":{"line":32,"column":9}},"6":{"start":{"line":30,"column":12},"end":{"line":30,"column":33}},"7":{"start":{"line":31,"column":12},"end":{"line":31,"column":24}},"8":{"start":{"line":33,"column":8},"end":{"line":33,"column":20}}},"fnMap":{"0":{"name":"(anonymous_0)","decl":{"start":{"line":5,"column":4},"end":{"line":5,"column":5}},"loc":{"start":{"line":5,"column":32},"end":{"line":14,"column":5}},"line":5},"1":{"name":"(anonymous_1)","decl":{"start":{"line":15,"column":4},"end":{"line":15,"column":5}},"loc":{"start":{"line":15,"column":31},"end":{"line":17,"column":5}},"line":15},"2":{"name":"(anonymous_2)","decl":{"start":{"line":19,"column":4},"end":{"line":19,"column":5}},"loc":{"start":{"line":19,"column":38},"end":{"line":21,"column":5}},"line":19},"3":{"name":"(anonymous_3)","decl":{"start":{"line":23,"column":4},"end":{"line":23,"column":5}},"loc":{"start":{"line":23,"column":33},"end":{"line":25,"column":5}},"line":23},"4":{"name":"(anonymous_4)","decl":{"start":{"line":27,"column":4},"end":{"line":27,"column":5}},"loc":{"start":{"line":27,"column":31},"end":{"line":34,"column":5}},"line":27}},"branchMap":{"0":{"loc":{"start":{"line":29,"column":8},"end":{"line":32,"column":9}},"type":"if","locations":[{"start":{"line":29,"column":8},"end":{"line":32,"column":9}},{"start":{},"end":{}}],"line":29}},"s":{"0":4,"1":2,"2":1,"3":2,"4":2,"5":2,"6":1,"7":1,"8":1},"f":{"0":4,"1":2,"2":1,"3":2,"4":2},"b":{"0":[1,1]},"_coverageSchema":"1a1c01bbd47fc00a2c39e90264f33305004495a9","hash":"bb8501dd8989b09ded856cbc6415afc14d30cc33"}
,"D:\\JalaUniversity\\Semestre IV\\PROGRAMACION IV\\Laboratorio\\aldo-ochoa\\MasterClassActivities\\Capstone\\src\\Data\\Service\\Player.Service.js": {"path":"D:\\JalaUniversity\\Semestre IV\\PROGRAMACION IV\\Laboratorio\\aldo-ochoa\\MasterClassActivities\\Capstone\\src\\Data\\Service\\Player.Service.js","statementMap":{"0":{"start":{"line":6,"column":8},"end":{"line":13,"column":10}},"1":{"start":{"line":17,"column":8},"end":{"line":21,"column":10}},"2":{"start":{"line":25,"column":8},"end":{"line":30,"column":10}},"3":{"start":{"line":34,"column":8},"end":{"line":34,"column":37}},"4":{"start":{"line":38,"column":8},"end":{"line":38,"column":40}},"5":{"start":{"line":42,"column":8},"end":{"line":42,"column":40}},"6":{"start":{"line":46,"column":23},"end":{"line":46,"column":48}},"7":{"start":{"line":47,"column":8},"end":{"line":50,"column":9}},"8":{"start":{"line":48,"column":12},"end":{"line":48,"column":35}},"9":{"start":{"line":49,"column":12},"end":{"line":49,"column":26}},"10":{"start":{"line":51,"column":8},"end":{"line":51,"column":20}}},"fnMap":{"0":{"name":"(anonymous_0)","decl":{"start":{"line":5,"column":4},"end":{"line":5,"column":5}},"loc":{"start":{"line":5,"column":34},"end":{"line":14,"column":5}},"line":5},"1":{"name":"(anonymous_1)","decl":{"start":{"line":16,"column":4},"end":{"line":16,"column":5}},"loc":{"start":{"line":16,"column":48},"end":{"line":22,"column":5}},"line":16},"2":{"name":"(anonymous_2)","decl":{"start":{"line":24,"column":4},"end":{"line":24,"column":5}},"loc":{"start":{"line":24,"column":48},"end":{"line":31,"column":5}},"line":24},"3":{"name":"(anonymous_3)","decl":{"start":{"line":33,"column":4},"end":{"line":33,"column":5}},"loc":{"start":{"line":33,"column":33},"end":{"line":35,"column":5}},"line":33},"4":{"name":"(anonymous_4)","decl":{"start":{"line":37,"column":4},"end":{"line":37,"column":5}},"loc":{"start":{"line":37,"column":42},"end":{"line":39,"column":5}},"line":37},"5":{"name":"(anonymous_5)","decl":{"start":{"line":41,"column":4},"end":{"line":41,"column":5}},"loc":{"start":{"line":41,"column":35},"end":{"line":43,"column":5}},"line":41},"6":{"name":"(anonymous_6)","decl":{"start":{"line":45,"column":4},"end":{"line":45,"column":5}},"loc":{"start":{"line":45,"column":33},"end":{"line":52,"column":5}},"line":45}},"branchMap":{"0":{"loc":{"start":{"line":47,"column":8},"end":{"line":50,"column":9}},"type":"if","locations":[{"start":{"line":47,"column":8},"end":{"line":50,"column":9}},{"start":{},"end":{}}],"line":47}},"s":{"0":4,"1":0,"2":0,"3":2,"4":1,"5":0,"6":2,"7":2,"8":1,"9":1,"10":1},"f":{"0":4,"1":0,"2":0,"3":2,"4":1,"5":0,"6":2},"b":{"0":[1,1]},"_coverageSchema":"1a1c01bbd47fc00a2c39e90264f33305004495a9","hash":"a8fe90b993c471fb5d2f26569e7bc0a5aedc7067"}
,"D:\\JalaUniversity\\Semestre IV\\PROGRAMACION IV\\Laboratorio\\aldo-ochoa\\MasterClassActivities\\Capstone\\src\\Data\\Service\\PlayerGame.Service.js": {"path":"D:\\JalaUniversity\\Semestre IV\\PROGRAMACION IV\\Laboratorio\\aldo-ochoa\\MasterClassActivities\\Capstone\\src\\Data\\Service\\PlayerGame.Service.js","statementMap":{"0":{"start":{"line":8,"column":8},"end":{"line":8,"column":44}},"1":{"start":{"line":12,"column":8},"end":{"line":20,"column":10}},"2":{"start":{"line":24,"column":8},"end":{"line":24,"column":41}}},"fnMap":{"0":{"name":"(anonymous_0)","decl":{"start":{"line":7,"column":4},"end":{"line":7,"column":5}},"loc":{"start":{"line":7,"column":39},"end":{"line":9,"column":5}},"line":7},"1":{"name":"(anonymous_1)","decl":{"start":{"line":11,"column":4},"end":{"line":11,"column":5}},"loc":{"start":{"line":11,"column":51},"end":{"line":21,"column":5}},"line":11},"2":{"name":"(anonymous_2)","decl":{"start":{"line":23,"column":4},"end":{"line":23,"column":5}},"loc":{"start":{"line":23,"column":36},"end":{"line":25,"column":5}},"line":23}},"branchMap":{},"s":{"0":0,"1":0,"2":0},"f":{"0":0,"1":0,"2":0},"b":{},"_coverageSchema":"1a1c01bbd47fc00a2c39e90264f33305004495a9","hash":"a7861308dcd0891ce4e8da2f8723a8bfa14ec732"}
,"D:\\JalaUniversity\\Semestre IV\\PROGRAMACION IV\\Laboratorio\\aldo-ochoa\\MasterClassActivities\\Capstone\\src\\Data\\Service\\Score.Service.js": {"path":"D:\\JalaUniversity\\Semestre IV\\PROGRAMACION IV\\Laboratorio\\aldo-ochoa\\MasterClassActivities\\Capstone\\src\\Data\\Service\\Score.Service.js","statementMap":{"0":{"start":{"line":6,"column":8},"end":{"line":13,"column":10}},"1":{"start":{"line":16,"column":8},"end":{"line":16,"column":36}},"2":{"start":{"line":20,"column":8},"end":{"line":20,"column":39}},"3":{"start":{"line":24,"column":8},"end":{"line":24,"column":39}},"4":{"start":{"line":28,"column":22},"end":{"line":28,"column":46}},"5":{"start":{"line":29,"column":8},"end":{"line":32,"column":9}},"6":{"start":{"line":30,"column":12},"end":{"line":30,"column":34}},"7":{"start":{"line":31,"column":12},"end":{"line":31,"column":25}},"8":{"start":{"line":33,"column":8},"end":{"line":33,"column":20}}},"fnMap":{"0":{"name":"(anonymous_0)","decl":{"start":{"line":5,"column":4},"end":{"line":5,"column":5}},"loc":{"start":{"line":5,"column":33},"end":{"line":14,"column":5}},"line":5},"1":{"name":"(anonymous_1)","decl":{"start":{"line":15,"column":4},"end":{"line":15,"column":5}},"loc":{"start":{"line":15,"column":32},"end":{"line":17,"column":5}},"line":15},"2":{"name":"(anonymous_2)","decl":{"start":{"line":19,"column":4},"end":{"line":19,"column":5}},"loc":{"start":{"line":19,"column":40},"end":{"line":21,"column":5}},"line":19},"3":{"name":"(anonymous_3)","decl":{"start":{"line":23,"column":4},"end":{"line":23,"column":5}},"loc":{"start":{"line":23,"column":34},"end":{"line":25,"column":5}},"line":23},"4":{"name":"(anonymous_4)","decl":{"start":{"line":27,"column":4},"end":{"line":27,"column":5}},"loc":{"start":{"line":27,"column":32},"end":{"line":34,"column":5}},"line":27}},"branchMap":{"0":{"loc":{"start":{"line":29,"column":8},"end":{"line":32,"column":9}},"type":"if","locations":[{"start":{"line":29,"column":8},"end":{"line":32,"column":9}},{"start":{},"end":{}}],"line":29}},"s":{"0":4,"1":2,"2":1,"3":2,"4":2,"5":2,"6":1,"7":1,"8":1},"f":{"0":4,"1":2,"2":1,"3":2,"4":2},"b":{"0":[1,1]},"_coverageSchema":"1a1c01bbd47fc00a2c39e90264f33305004495a9","hash":"31cdac0ff300f96fc23096c28afcdd8d08bca434"}
,"D:\\JalaUniversity\\Semestre IV\\PROGRAMACION IV\\Laboratorio\\aldo-ochoa\\MasterClassActivities\\Capstone\\src\\Data\\Service\\TokenInvalid.Service.js": {"path":"D:\\JalaUniversity\\Semestre IV\\PROGRAMACION IV\\Laboratorio\\aldo-ochoa\\MasterClassActivities\\Capstone\\src\\Data\\Service\\TokenInvalid.Service.js","statementMap":{"0":{"start":{"line":3,"column":8},"end":{"line":3,"column":43}},"1":{"start":{"line":7,"column":8},"end":{"line":7,"column":42}},"2":{"start":{"line":8,"column":8},"end":{"line":8,"column":20}},"3":{"start":{"line":12,"column":8},"end":{"line":12,"column":49}},"4":{"start":{"line":16,"column":28},"end":{"line":16,"column":46}}},"fnMap":{"0":{"name":"(anonymous_0)","decl":{"start":{"line":2,"column":4},"end":{"line":2,"column":5}},"loc":{"start":{"line":2,"column":18},"end":{"line":4,"column":5}},"line":2},"1":{"name":"(anonymous_1)","decl":{"start":{"line":6,"column":4},"end":{"line":6,"column":5}},"loc":{"start":{"line":6,"column":27},"end":{"line":9,"column":5}},"line":6},"2":{"name":"(anonymous_2)","decl":{"start":{"line":11,"column":4},"end":{"line":11,"column":5}},"loc":{"start":{"line":11,"column":30},"end":{"line":13,"column":5}},"line":11}},"branchMap":{},"s":{"0":3,"1":3,"2":3,"3":3,"4":3},"f":{"0":3,"1":3,"2":3},"b":{},"_coverageSchema":"1a1c01bbd47fc00a2c39e90264f33305004495a9","hash":"017eddba2339a156607944b8767dd8c68668bb41"}
,"D:\\JalaUniversity\\Semestre IV\\PROGRAMACION IV\\Laboratorio\\aldo-ochoa\\MasterClassActivities\\Capstone\\src\\Presentation\\Controllers\\Card.Controller.js": {"path":"D:\\JalaUniversity\\Semestre IV\\PROGRAMACION IV\\Laboratorio\\aldo-ochoa\\MasterClassActivities\\Capstone\\src\\Presentation\\Controllers\\Card.Controller.js","statementMap":{"0":{"start":{"line":7,"column":28},"end":{"line":17,"column":2}},"1":{"start":{"line":8,"column":46},"end":{"line":8,"column":68}},"2":{"start":{"line":9,"column":4},"end":{"line":14,"column":5}},"3":{"start":{"line":10,"column":8},"end":{"line":13,"column":10}},"4":{"start":{"line":15,"column":17},"end":{"line":15,"column":55}},"5":{"start":{"line":16,"column":4},"end":{"line":16,"column":37}},"6":{"start":{"line":20,"column":24},"end":{"line":23,"column":2}},"7":{"start":{"line":21,"column":18},"end":{"line":21,"column":50}},"8":{"start":{"line":22,"column":4},"end":{"line":22,"column":38}},"9":{"start":{"line":25,"column":25},"end":{"line":28,"column":2}},"10":{"start":{"line":26,"column":20},"end":{"line":26,"column":23}},"11":{"start":{"line":27,"column":4},"end":{"line":27,"column":38}},"12":{"start":{"line":31,"column":26},"end":{"line":43,"column":2}},"13":{"start":{"line":32,"column":17},"end":{"line":32,"column":27}},"14":{"start":{"line":33,"column":23},"end":{"line":33,"column":55}},"15":{"start":{"line":34,"column":4},"end":{"line":38,"column":5}},"16":{"start":{"line":35,"column":8},"end":{"line":37,"column":11}},"17":{"start":{"line":39,"column":4},"end":{"line":42,"column":6}},"18":{"start":{"line":46,"column":26},"end":{"line":59,"column":2}},"19":{"start":{"line":47,"column":19},"end":{"line":47,"column":22}},"20":{"start":{"line":48,"column":48},"end":{"line":48,"column":77}},"21":{"start":{"line":49,"column":4},"end":{"line":54,"column":5}},"22":{"start":{"line":50,"column":8},"end":{"line":53,"column":10}},"23":{"start":{"line":56,"column":23},"end":{"line":56,"column":66}},"24":{"start":{"line":57,"column":4},"end":{"line":57,"column":44}}},"fnMap":{"0":{"name":"(anonymous_0)","decl":{"start":{"line":7,"column":39},"end":{"line":7,"column":40}},"loc":{"start":{"line":7,"column":61},"end":{"line":17,"column":1}},"line":7},"1":{"name":"(anonymous_1)","decl":{"start":{"line":20,"column":35},"end":{"line":20,"column":36}},"loc":{"start":{"line":20,"column":56},"end":{"line":23,"column":1}},"line":20},"2":{"name":"(anonymous_2)","decl":{"start":{"line":25,"column":36},"end":{"line":25,"column":37}},"loc":{"start":{"line":25,"column":59},"end":{"line":28,"column":1}},"line":25},"3":{"name":"(anonymous_3)","decl":{"start":{"line":31,"column":37},"end":{"line":31,"column":38}},"loc":{"start":{"line":31,"column":58},"end":{"line":43,"column":1}},"line":31},"4":{"name":"(anonymous_4)","decl":{"start":{"line":46,"column":37},"end":{"line":46,"column":38}},"loc":{"start":{"line":46,"column":58},"end":{"line":59,"column":1}},"line":46}},"branchMap":{"0":{"loc":{"start":{"line":9,"column":4},"end":{"line":14,"column":5}},"type":"if","locations":[{"start":{"line":9,"column":4},"end":{"line":14,"column":5}},{"start":{},"end":{}}],"line":9},"1":{"loc":{"start":{"line":34,"column":4},"end":{"line":38,"column":5}},"type":"if","locations":[{"start":{"line":34,"column":4},"end":{"line":38,"column":5}},{"start":{},"end":{}}],"line":34},"2":{"loc":{"start":{"line":49,"column":4},"end":{"line":54,"column":5}},"type":"if","locations":[{"start":{"line":49,"column":4},"end":{"line":54,"column":5}},{"start":{},"end":{}}],"line":49}},"s":{"0":1,"1":2,"2":2,"3":1,"4":1,"5":1,"6":1,"7":1,"8":1,"9":1,"10":1,"11":1,"12":1,"13":2,"14":2,"15":2,"16":1,"17":1,"18":1,"19":1,"20":1,"21":1,"22":0,"23":1,"24":1},"f":{"0":2,"1":1,"2":1,"3":2,"4":1},"b":{"0":[1,1],"1":[1,1],"2":[0,1]},"_coverageSchema":"1a1c01bbd47fc00a2c39e90264f33305004495a9","hash":"163c54cabb7b1dfbe0cc702899b2f156025d5b45"}
,"D:\\JalaUniversity\\Semestre IV\\PROGRAMACION IV\\Laboratorio\\aldo-ochoa\\MasterClassActivities\\Capstone\\src\\Presentation\\Controllers\\Game.Controller.js": {"path":"D:\\JalaUniversity\\Semestre IV\\PROGRAMACION IV\\Laboratorio\\aldo-ochoa\\MasterClassActivities\\Capstone\\src\\Presentation\\Controllers\\Game.Controller.js","statementMap":{"0":{"start":{"line":7,"column":24},"end":{"line":10,"column":2}},"1":{"start":{"line":8,"column":18},"end":{"line":8,"column":50}},"2":{"start":{"line":9,"column":4},"end":{"line":9,"column":38}},"3":{"start":{"line":13,"column":25},"end":{"line":16,"column":2}},"4":{"start":{"line":14,"column":19},"end":{"line":14,"column":22}},"5":{"start":{"line":15,"column":4},"end":{"line":15,"column":37}},"6":{"start":{"line":19,"column":28},"end":{"line":33,"column":2}},"7":{"start":{"line":20,"column":44},"end":{"line":20,"column":66}},"8":{"start":{"line":22,"column":4},"end":{"line":27,"column":5}},"9":{"start":{"line":23,"column":8},"end":{"line":26,"column":10}},"10":{"start":{"line":28,"column":17},"end":{"line":28,"column":55}},"11":{"start":{"line":29,"column":4},"end":{"line":32,"column":6}},"12":{"start":{"line":36,"column":26},"end":{"line":50,"column":2}},"13":{"start":{"line":38,"column":19},"end":{"line":38,"column":22}},"14":{"start":{"line":39,"column":46},"end":{"line":39,"column":75}},"15":{"start":{"line":41,"column":4},"end":{"line":46,"column":5}},"16":{"start":{"line":42,"column":8},"end":{"line":45,"column":10}},"17":{"start":{"line":48,"column":23},"end":{"line":48,"column":66}},"18":{"start":{"line":49,"column":4},"end":{"line":49,"column":44}},"19":{"start":{"line":53,"column":26},"end":{"line":65,"column":2}},"20":{"start":{"line":54,"column":17},"end":{"line":54,"column":27}},"21":{"start":{"line":55,"column":23},"end":{"line":55,"column":55}},"22":{"start":{"line":56,"column":4},"end":{"line":60,"column":5}},"23":{"start":{"line":57,"column":8},"end":{"line":59,"column":10}},"24":{"start":{"line":61,"column":4},"end":{"line":64,"column":6}}},"fnMap":{"0":{"name":"(anonymous_0)","decl":{"start":{"line":7,"column":35},"end":{"line":7,"column":36}},"loc":{"start":{"line":7,"column":56},"end":{"line":10,"column":1}},"line":7},"1":{"name":"(anonymous_1)","decl":{"start":{"line":13,"column":36},"end":{"line":13,"column":37}},"loc":{"start":{"line":13,"column":57},"end":{"line":16,"column":1}},"line":13},"2":{"name":"(anonymous_2)","decl":{"start":{"line":19,"column":39},"end":{"line":19,"column":40}},"loc":{"start":{"line":19,"column":60},"end":{"line":33,"column":1}},"line":19},"3":{"name":"(anonymous_3)","decl":{"start":{"line":36,"column":37},"end":{"line":36,"column":38}},"loc":{"start":{"line":36,"column":58},"end":{"line":50,"column":1}},"line":36},"4":{"name":"(anonymous_4)","decl":{"start":{"line":53,"column":37},"end":{"line":53,"column":38}},"loc":{"start":{"line":53,"column":58},"end":{"line":65,"column":1}},"line":53}},"branchMap":{"0":{"loc":{"start":{"line":22,"column":4},"end":{"line":27,"column":5}},"type":"if","locations":[{"start":{"line":22,"column":4},"end":{"line":27,"column":5}},{"start":{},"end":{}}],"line":22},"1":{"loc":{"start":{"line":41,"column":4},"end":{"line":46,"column":5}},"type":"if","locations":[{"start":{"line":41,"column":4},"end":{"line":46,"column":5}},{"start":{},"end":{}}],"line":41},"2":{"loc":{"start":{"line":56,"column":4},"end":{"line":60,"column":5}},"type":"if","locations":[{"start":{"line":56,"column":4},"end":{"line":60,"column":5}},{"start":{},"end":{}}],"line":56}},"s":{"0":1,"1":1,"2":1,"3":1,"4":1,"5":1,"6":1,"7":2,"8":2,"9":1,"10":1,"11":1,"12":1,"13":1,"14":1,"15":1,"16":0,"17":1,"18":1,"19":1,"20":2,"21":2,"22":2,"23":1,"24":1},"f":{"0":1,"1":1,"2":2,"3":1,"4":2},"b":{"0":[1,1],"1":[0,1],"2":[1,1]},"_coverageSchema":"1a1c01bbd47fc00a2c39e90264f33305004495a9","hash":"6cc4f573dc55fe538aeb401fdfdc43d6bac2f1bf"}
,"D:\\JalaUniversity\\Semestre IV\\PROGRAMACION IV\\Laboratorio\\aldo-ochoa\\MasterClassActivities\\Capstone\\src\\Presentation\\Controllers\\Player.Controller.js": {"path":"D:\\JalaUniversity\\Semestre IV\\PROGRAMACION IV\\Laboratorio\\aldo-ochoa\\MasterClassActivities\\Capstone\\src\\Presentation\\Controllers\\Player.Controller.js","statementMap":{"0":{"start":{"line":11,"column":26},"end":{"line":14,"column":2}},"1":{"start":{"line":12,"column":20},"end":{"line":12,"column":56}},"2":{"start":{"line":13,"column":4},"end":{"line":13,"column":41}},"3":{"start":{"line":16,"column":27},"end":{"line":19,"column":2}},"4":{"start":{"line":17,"column":21},"end":{"line":17,"column":24}},"5":{"start":{"line":18,"column":4},"end":{"line":18,"column":39}},"6":{"start":{"line":21,"column":30},"end":{"line":34,"column":2}},"7":{"start":{"line":22,"column":48},"end":{"line":22,"column":72}},"8":{"start":{"line":24,"column":4},"end":{"line":29,"column":5}},"9":{"start":{"line":25,"column":8},"end":{"line":28,"column":10}},"10":{"start":{"line":31,"column":19},"end":{"line":31,"column":63}},"11":{"start":{"line":33,"column":4},"end":{"line":33,"column":40}},"12":{"start":{"line":37,"column":27},"end":{"line":59,"column":2}},"13":{"start":{"line":38,"column":4},"end":{"line":38,"column":39}},"14":{"start":{"line":39,"column":51},"end":{"line":39,"column":82}},"15":{"start":{"line":40,"column":4},"end":{"line":45,"column":5}},"16":{"start":{"line":41,"column":8},"end":{"line":44,"column":11}},"17":{"start":{"line":46,"column":4},"end":{"line":46,"column":49}},"18":{"start":{"line":47,"column":19},"end":{"line":47,"column":92}},"19":{"start":{"line":48,"column":4},"end":{"line":52,"column":5}},"20":{"start":{"line":49,"column":8},"end":{"line":51,"column":10}},"21":{"start":{"line":53,"column":18},"end":{"line":53,"column":73}},"22":{"start":{"line":54,"column":4},"end":{"line":58,"column":6}},"23":{"start":{"line":61,"column":26},"end":{"line":83,"column":2}},"24":{"start":{"line":63,"column":50},"end":{"line":63,"column":79}},"25":{"start":{"line":64,"column":4},"end":{"line":69,"column":5}},"26":{"start":{"line":65,"column":8},"end":{"line":68,"column":11}},"27":{"start":{"line":71,"column":17},"end":{"line":77,"column":6}},"28":{"start":{"line":79,"column":4},"end":{"line":82,"column":7}},"29":{"start":{"line":86,"column":24},"end":{"line":141,"column":2}},"30":{"start":{"line":87,"column":38},"end":{"line":87,"column":46}},"31":{"start":{"line":89,"column":4},"end":{"line":94,"column":5}},"32":{"start":{"line":90,"column":8},"end":{"line":93,"column":11}},"33":{"start":{"line":96,"column":19},"end":{"line":96,"column":51}},"34":{"start":{"line":97,"column":4},"end":{"line":102,"column":5}},"35":{"start":{"line":98,"column":8},"end":{"line":101,"column":11}},"36":{"start":{"line":104,"column":21},"end":{"line":104,"column":30}},"37":{"start":{"line":107,"column":17},"end":{"line":107,"column":55}},"38":{"start":{"line":108,"column":4},"end":{"line":113,"column":5}},"39":{"start":{"line":109,"column":8},"end":{"line":112,"column":11}},"40":{"start":{"line":116,"column":25},"end":{"line":116,"column":85}},"41":{"start":{"line":117,"column":4},"end":{"line":122,"column":5}},"42":{"start":{"line":118,"column":8},"end":{"line":121,"column":11}},"43":{"start":{"line":126,"column":24},"end":{"line":129,"column":6}},"44":{"start":{"line":131,"column":4},"end":{"line":136,"column":5}},"45":{"start":{"line":132,"column":8},"end":{"line":135,"column":11}},"46":{"start":{"line":138,"column":4},"end":{"line":140,"column":7}},"47":{"start":{"line":144,"column":28},"end":{"line":166,"column":2}},"48":{"start":{"line":145,"column":29},"end":{"line":145,"column":37}},"49":{"start":{"line":147,"column":4},"end":{"line":152,"column":5}},"50":{"start":{"line":148,"column":8},"end":{"line":151,"column":11}},"51":{"start":{"line":154,"column":24},"end":{"line":154,"column":66}},"52":{"start":{"line":156,"column":4},"end":{"line":161,"column":5}},"53":{"start":{"line":157,"column":8},"end":{"line":160,"column":11}},"54":{"start":{"line":163,"column":4},"end":{"line":165,"column":7}},"55":{"start":{"line":168,"column":31},"end":{"line":190,"column":3}},"56":{"start":{"line":169,"column":27},"end":{"line":169,"column":35}},"57":{"start":{"line":170,"column":4},"end":{"line":175,"column":5}},"58":{"start":{"line":171,"column":8},"end":{"line":174,"column":11}},"59":{"start":{"line":176,"column":18},"end":{"line":176,"column":57}},"60":{"start":{"line":177,"column":4},"end":{"line":177,"column":44}},"61":{"start":{"line":178,"column":4},"end":{"line":183,"column":5}},"62":{"start":{"line":179,"column":8},"end":{"line":182,"column":11}},"63":{"start":{"line":184,"column":19},"end":{"line":184,"column":44}},"64":{"start":{"line":185,"column":4},"end":{"line":188,"column":6}},"65":{"start":{"line":192,"column":28},"end":{"line":206,"column":2}},"66":{"start":{"line":194,"column":21},"end":{"line":194,"column":24}},"67":{"start":{"line":195,"column":46},"end":{"line":195,"column":77}},"68":{"start":{"line":196,"column":4},"end":{"line":201,"column":5}},"69":{"start":{"line":197,"column":8},"end":{"line":200,"column":10}},"70":{"start":{"line":203,"column":25},"end":{"line":203,"column":76}},"71":{"start":{"line":204,"column":4},"end":{"line":204,"column":45}},"72":{"start":{"line":209,"column":28},"end":{"line":222,"column":2}},"73":{"start":{"line":210,"column":17},"end":{"line":210,"column":27}},"74":{"start":{"line":211,"column":25},"end":{"line":211,"column":61}},"75":{"start":{"line":212,"column":4},"end":{"line":217,"column":5}},"76":{"start":{"line":213,"column":8},"end":{"line":216,"column":10}},"77":{"start":{"line":218,"column":4},"end":{"line":221,"column":7}}},"fnMap":{"0":{"name":"(anonymous_0)","decl":{"start":{"line":11,"column":37},"end":{"line":11,"column":38}},"loc":{"start":{"line":11,"column":58},"end":{"line":14,"column":1}},"line":11},"1":{"name":"(anonymous_1)","decl":{"start":{"line":16,"column":38},"end":{"line":16,"column":39}},"loc":{"start":{"line":16,"column":59},"end":{"line":19,"column":1}},"line":16},"2":{"name":"(anonymous_2)","decl":{"start":{"line":21,"column":41},"end":{"line":21,"column":42}},"loc":{"start":{"line":21,"column":62},"end":{"line":34,"column":1}},"line":21},"3":{"name":"(anonymous_3)","decl":{"start":{"line":37,"column":38},"end":{"line":37,"column":39}},"loc":{"start":{"line":37,"column":59},"end":{"line":59,"column":1}},"line":37},"4":{"name":"(anonymous_4)","decl":{"start":{"line":61,"column":37},"end":{"line":61,"column":38}},"loc":{"start":{"line":61,"column":58},"end":{"line":83,"column":1}},"line":61},"5":{"name":"(anonymous_5)","decl":{"start":{"line":86,"column":35},"end":{"line":86,"column":36}},"loc":{"start":{"line":86,"column":61},"end":{"line":141,"column":1}},"line":86},"6":{"name":"(anonymous_6)","decl":{"start":{"line":144,"column":39},"end":{"line":144,"column":40}},"loc":{"start":{"line":144,"column":65},"end":{"line":166,"column":1}},"line":144},"7":{"name":"(anonymous_7)","decl":{"start":{"line":168,"column":42},"end":{"line":168,"column":43}},"loc":{"start":{"line":168,"column":63},"end":{"line":190,"column":2}},"line":168},"8":{"name":"(anonymous_8)","decl":{"start":{"line":192,"column":39},"end":{"line":192,"column":40}},"loc":{"start":{"line":192,"column":60},"end":{"line":206,"column":1}},"line":192},"9":{"name":"(anonymous_9)","decl":{"start":{"line":209,"column":39},"end":{"line":209,"column":40}},"loc":{"start":{"line":209,"column":60},"end":{"line":222,"column":1}},"line":209}},"branchMap":{"0":{"loc":{"start":{"line":24,"column":4},"end":{"line":29,"column":5}},"type":"if","locations":[{"start":{"line":24,"column":4},"end":{"line":29,"column":5}},{"start":{},"end":{}}],"line":24},"1":{"loc":{"start":{"line":40,"column":4},"end":{"line":45,"column":5}},"type":"if","locations":[{"start":{"line":40,"column":4},"end":{"line":45,"column":5}},{"start":{},"end":{}}],"line":40},"2":{"loc":{"start":{"line":48,"column":4},"end":{"line":52,"column":5}},"type":"if","locations":[{"start":{"line":48,"column":4},"end":{"line":52,"column":5}},{"start":{},"end":{}}],"line":48},"3":{"loc":{"start":{"line":64,"column":4},"end":{"line":69,"column":5}},"type":"if","locations":[{"start":{"line":64,"column":4},"end":{"line":69,"column":5}},{"start":{},"end":{}}],"line":64},"4":{"loc":{"start":{"line":89,"column":4},"end":{"line":94,"column":5}},"type":"if","locations":[{"start":{"line":89,"column":4},"end":{"line":94,"column":5}},{"start":{},"end":{}}],"line":89},"5":{"loc":{"start":{"line":89,"column":8},"end":{"line":89,"column":33}},"type":"binary-expr","locations":[{"start":{"line":89,"column":8},"end":{"line":89,"column":16}},{"start":{"line":89,"column":20},"end":{"line":89,"column":33}}],"line":89},"6":{"loc":{"start":{"line":97,"column":4},"end":{"line":102,"column":5}},"type":"if","locations":[{"start":{"line":97,"column":4},"end":{"line":102,"column":5}},{"start":{},"end":{}}],"line":97},"7":{"loc":{"start":{"line":108,"column":4},"end":{"line":113,"column":5}},"type":"if","locations":[{"start":{"line":108,"column":4},"end":{"line":113,"column":5}},{"start":{},"end":{}}],"line":108},"8":{"loc":{"start":{"line":117,"column":4},"end":{"line":122,"column":5}},"type":"if","locations":[{"start":{"line":117,"column":4},"end":{"line":122,"column":5}},{"start":{},"end":{}}],"line":117},"9":{"loc":{"start":{"line":131,"column":4},"end":{"line":136,"column":5}},"type":"if","locations":[{"start":{"line":131,"column":4},"end":{"line":136,"column":5}},{"start":{},"end":{}}],"line":131},"10":{"loc":{"start":{"line":147,"column":4},"end":{"line":152,"column":5}},"type":"if","locations":[{"start":{"line":147,"column":4},"end":{"line":152,"column":5}},{"start":{},"end":{}}],"line":147},"11":{"loc":{"start":{"line":156,"column":4},"end":{"line":161,"column":5}},"type":"if","locations":[{"start":{"line":156,"column":4},"end":{"line":161,"column":5}},{"start":{},"end":{}}],"line":156},"12":{"loc":{"start":{"line":170,"column":4},"end":{"line":175,"column":5}},"type":"if","locations":[{"start":{"line":170,"column":4},"end":{"line":175,"column":5}},{"start":{},"end":{}}],"line":170},"13":{"loc":{"start":{"line":178,"column":4},"end":{"line":183,"column":5}},"type":"if","locations":[{"start":{"line":178,"column":4},"end":{"line":183,"column":5}},{"start":{},"end":{}}],"line":178},"14":{"loc":{"start":{"line":196,"column":4},"end":{"line":201,"column":5}},"type":"if","locations":[{"start":{"line":196,"column":4},"end":{"line":201,"column":5}},{"start":{},"end":{}}],"line":196},"15":{"loc":{"start":{"line":212,"column":4},"end":{"line":217,"column":5}},"type":"if","locations":[{"start":{"line":212,"column":4},"end":{"line":217,"column":5}},{"start":{},"end":{}}],"line":212}},"s":{"0":1,"1":0,"2":0,"3":1,"4":0,"5":0,"6":1,"7":2,"8":2,"9":1,"10":1,"11":1,"12":1,"13":1,"14":1,"15":1,"16":0,"17":1,"18":1,"19":1,"20":0,"21":1,"22":1,"23":1,"24":0,"25":0,"26":0,"27":0,"28":0,"29":1,"30":0,"31":0,"32":0,"33":0,"34":0,"35":0,"36":0,"37":0,"38":0,"39":0,"40":0,"41":0,"42":0,"43":0,"44":0,"45":0,"46":0,"47":1,"48":1,"49":1,"50":0,"51":1,"52":1,"53":0,"54":1,"55":1,"56":0,"57":0,"58":0,"59":0,"60":0,"61":0,"62":0,"63":0,"64":0,"65":1,"66":0,"67":0,"68":0,"69":0,"70":0,"71":0,"72":1,"73":0,"74":0,"75":0,"76":0,"77":0},"f":{"0":0,"1":0,"2":2,"3":1,"4":0,"5":0,"6":1,"7":0,"8":0,"9":0},"b":{"0":[1,1],"1":[0,1],"2":[0,1],"3":[0,0],"4":[0,0],"5":[0,0],"6":[0,0],"7":[0,0],"8":[0,0],"9":[0,0],"10":[0,1],"11":[0,1],"12":[0,0],"13":[0,0],"14":[0,0],"15":[0,0]},"_coverageSchema":"1a1c01bbd47fc00a2c39e90264f33305004495a9","hash":"a7a0ad5c16c78449603f47fc7fa1460058349157"}
,"D:\\JalaUniversity\\Semestre IV\\PROGRAMACION IV\\Laboratorio\\aldo-ochoa\\MasterClassActivities\\Capstone\\src\\Presentation\\router\\Card.Router.js": {"path":"D:\\JalaUniversity\\Semestre IV\\PROGRAMACION IV\\Laboratorio\\aldo-ochoa\\MasterClassActivities\\Capstone\\src\\Presentation\\router\\Card.Router.js","statementMap":{"0":{"start":{"line":6,"column":22},"end":{"line":6,"column":38}},"1":{"start":{"line":8,"column":0},"end":{"line":8,"column":24}},"2":{"start":{"line":9,"column":0},"end":{"line":9,"column":37}},"3":{"start":{"line":11,"column":0},"end":{"line":16,"column":38}}},"fnMap":{},"branchMap":{},"s":{"0":1,"1":1,"2":1,"3":1},"f":{},"b":{},"_coverageSchema":"1a1c01bbd47fc00a2c39e90264f33305004495a9","hash":"c8095a34143cfe917f713046673c7a5dd8a822f1"}
,"D:\\JalaUniversity\\Semestre IV\\PROGRAMACION IV\\Laboratorio\\aldo-ochoa\\MasterClassActivities\\Capstone\\src\\Presentation\\router\\Game.Router.js": {"path":"D:\\JalaUniversity\\Semestre IV\\PROGRAMACION IV\\Laboratorio\\aldo-ochoa\\MasterClassActivities\\Capstone\\src\\Presentation\\router\\Game.Router.js","statementMap":{"0":{"start":{"line":6,"column":22},"end":{"line":6,"column":38}},"1":{"start":{"line":8,"column":0},"end":{"line":8,"column":24}},"2":{"start":{"line":9,"column":0},"end":{"line":9,"column":37}},"3":{"start":{"line":11,"column":0},"end":{"line":16,"column":38}}},"fnMap":{},"branchMap":{},"s":{"0":1,"1":1,"2":1,"3":1},"f":{},"b":{},"_coverageSchema":"1a1c01bbd47fc00a2c39e90264f33305004495a9","hash":"8b5f129c453ae44259f491166f32a308aaebff98"}
,"D:\\JalaUniversity\\Semestre IV\\PROGRAMACION IV\\Laboratorio\\aldo-ochoa\\MasterClassActivities\\Capstone\\src\\Presentation\\router\\Player.Router.js": {"path":"D:\\JalaUniversity\\Semestre IV\\PROGRAMACION IV\\Laboratorio\\aldo-ochoa\\MasterClassActivities\\Capstone\\src\\Presentation\\router\\Player.Router.js","statementMap":{"0":{"start":{"line":5,"column":22},"end":{"line":5,"column":38}},"1":{"start":{"line":8,"column":0},"end":{"line":8,"column":68}},"2":{"start":{"line":9,"column":0},"end":{"line":9,"column":34}},"3":{"start":{"line":10,"column":0},"end":{"line":10,"column":37}},"4":{"start":{"line":12,"column":0},"end":{"line":12,"column":20}},"5":{"start":{"line":14,"column":0},"end":{"line":14,"column":26}},"6":{"start":{"line":15,"column":0},"end":{"line":15,"column":38}},"7":{"start":{"line":16,"column":0},"end":{"line":21,"column":42}},"8":{"start":{"line":23,"column":0},"end":{"line":23,"column":37}},"9":{"start":{"line":24,"column":0},"end":{"line":24,"column":33}}},"fnMap":{},"branchMap":{},"s":{"0":1,"1":1,"2":1,"3":1,"4":1,"5":1,"6":1,"7":1,"8":1,"9":1},"f":{},"b":{},"_coverageSchema":"1a1c01bbd47fc00a2c39e90264f33305004495a9","hash":"be75e9dc4cda0f91a1873ec39ae349be2e138bfb"}
,"D:\\JalaUniversity\\Semestre IV\\PROGRAMACION IV\\Laboratorio\\aldo-ochoa\\MasterClassActivities\\Capstone\\src\\config\\Utils\\DecodedToken.js": {"path":"D:\\JalaUniversity\\Semestre IV\\PROGRAMACION IV\\Laboratorio\\aldo-ochoa\\MasterClassActivities\\Capstone\\src\\config\\Utils\\DecodedToken.js","statementMap":{"0":{"start":{"line":6,"column":28},"end":{"line":15,"column":1}},"1":{"start":{"line":7,"column":4},"end":{"line":14,"column":5}},"2":{"start":{"line":8,"column":24},"end":{"line":8,"column":80}},"3":{"start":{"line":9,"column":23},"end":{"line":9,"column":68}},"4":{"start":{"line":10,"column":8},"end":{"line":10,"column":22}},"5":{"start":{"line":12,"column":8},"end":{"line":12,"column":54}},"6":{"start":{"line":13,"column":8},"end":{"line":13,"column":41}}},"fnMap":{"0":{"name":"(anonymous_0)","decl":{"start":{"line":6,"column":28},"end":{"line":6,"column":29}},"loc":{"start":{"line":6,"column":45},"end":{"line":15,"column":1}},"line":6}},"branchMap":{},"s":{"0":2,"1":3,"2":3,"3":0,"4":0,"5":0,"6":0},"f":{"0":3},"b":{},"_coverageSchema":"1a1c01bbd47fc00a2c39e90264f33305004495a9","hash":"f3b8ae1302e56ff170be2bce08d16c39fa3f6c0a"}
,"D:\\JalaUniversity\\Semestre IV\\PROGRAMACION IV\\Laboratorio\\aldo-ochoa\\MasterClassActivities\\Capstone\\src\\config\\enviroments\\enviroments.js": {"path":"D:\\JalaUniversity\\Semestre IV\\PROGRAMACION IV\\Laboratorio\\aldo-ochoa\\MasterClassActivities\\Capstone\\src\\config\\enviroments\\enviroments.js","statementMap":{"0":{"start":{"line":4,"column":20},"end":{"line":10,"column":1}}},"fnMap":{},"branchMap":{},"s":{"0":12},"f":{},"b":{},"_coverageSchema":"1a1c01bbd47fc00a2c39e90264f33305004495a9","hash":"beaf873c2a3a7aadeaded5f73dcaa57f9267a1a4"}
}
