TN:
SF:src\Business\Models\Card.Model.js
FNF:0
FNH:0
DA:6,1
LF:1
LH:1
BRF:0
BRH:0
end_of_record
TN:
SF:src\Business\Models\Game.Model.js
FNF:0
FNH:0
DA:6,2
LF:1
LH:1
BRF:0
BRH:0
end_of_record
TN:
SF:src\Business\Models\Player.Model.js
FNF:0
FNH:0
DA:4,2
LF:1
LH:1
BRF:0
BRH:0
end_of_record
TN:
SF:src\Business\Models\PlayerGame.Model.js
FNF:0
FNH:0
DA:4,1
LF:1
LH:1
BRF:0
BRH:0
end_of_record
TN:
SF:src\Business\errors\appError.js
FN:2,(anonymous_0)
FNF:1
FNH:1
FNDA:1,(anonymous_0)
DA:3,1
DA:4,1
DA:5,1
DA:6,1
DA:8,1
LF:5
LH:5
BRDA:5,0,0,1
BRDA:5,0,1,0
BRF:2
BRH:1
end_of_record
TN:
SF:src\Business\errors\cathAsync.js
FN:1,(anonymous_0)
FN:2,(anonymous_1)
FNF:2
FNH:2
FNDA:25,(anonymous_0)
FNDA:32,(anonymous_1)
DA:1,3
DA:2,25
DA:3,32
LF:3
LH:3
BRF:0
BRH:0
end_of_record
TN:
SF:src\Business\errors\extractErrorData.js
FN:1,(anonymous_0)
FNF:1
FNH:1
FNDA:9,(anonymous_0)
DA:1,3
DA:4,9
DA:6,9
DA:7,9
DA:9,9
LF:5
LH:5
BRDA:6,0,0,3
BRDA:6,0,1,6
BRDA:7,1,0,6
BRDA:7,1,1,3
BRF:4
BRH:4
end_of_record
TN:
SF:src\Business\middleware\card.middleware.js
FN:8,(anonymous_0)
FNF:1
FNH:1
FNDA:4,(anonymous_0)
DA:8,1
DA:10,4
DA:11,4
DA:12,4
DA:13,0
DA:15,4
DA:16,4
LF:7
LH:6
BRDA:12,0,0,0
BRDA:12,0,1,4
BRF:2
BRH:1
end_of_record
TN:
SF:src\Business\middleware\game.middleware.js
FN:8,(anonymous_0)
FNF:1
FNH:1
FNDA:4,(anonymous_0)
DA:8,1
DA:10,4
DA:11,4
DA:12,4
DA:13,0
DA:15,4
DA:16,4
LF:7
LH:6
BRDA:12,0,0,0
BRDA:12,0,1,4
BRF:2
BRH:1
end_of_record
TN:
SF:src\Business\middleware\player.middleware.js
FN:12,(anonymous_0)
FN:24,(anonymous_1)
FN:35,(anonymous_2)
FNF:3
FNH:2
FNDA:0,(anonymous_0)
FNDA:2,(anonymous_1)
FNDA:4,(anonymous_2)
DA:12,1
DA:14,0
DA:15,0
DA:16,0
DA:17,0
DA:19,0
DA:20,0
DA:24,1
DA:26,2
DA:27,2
DA:28,2
DA:29,0
DA:31,2
DA:35,1
DA:38,4
DA:39,3
DA:40,3
DA:42,4
DA:43,1
DA:46,3
DA:47,0
DA:50,3
DA:52,0
DA:53,0
DA:54,0
DA:55,0
DA:57,0
DA:58,0
LF:28
LH:14
BRDA:16,0,0,0
BRDA:16,0,1,0
BRDA:28,1,0,0
BRDA:28,1,1,2
BRDA:38,2,0,3
BRDA:38,2,1,1
BRDA:38,3,0,4
BRDA:38,3,1,3
BRDA:42,4,0,1
BRDA:42,4,1,3
BRDA:46,5,0,0
BRDA:46,5,1,3
BRDA:54,6,0,0
BRDA:54,6,1,0
BRF:14
BRH:8
end_of_record
TN:
SF:src\Business\plugins\generate-jwt.plugin.js
FN:5,(anonymous_0)
FN:6,(anonymous_1)
FN:16,(anonymous_2)
FNF:3
FNH:3
FNDA:2,(anonymous_0)
FNDA:2,(anonymous_1)
FNDA:2,(anonymous_2)
DA:5,2
DA:6,2
DA:7,2
DA:9,2
DA:17,2
DA:18,2
LF:6
LH:6
BRDA:17,0,0,1
BRDA:17,0,1,1
BRF:2
BRH:2
end_of_record
TN:
SF:src\Business\schemas\card.schema.js
FN:19,validateCard
FN:34,validatePartialCard
FNF:2
FNH:2
FNDA:2,validateCard
FNDA:1,validatePartialCard
DA:4,1
DA:20,2
DA:26,2
DA:27,2
DA:35,1
DA:40,1
DA:41,1
LF:7
LH:7
BRF:0
BRH:0
end_of_record
TN:
SF:src\Business\schemas\game.schemas.js
FN:25,validateGame
FN:40,validatePartialGame
FNF:2
FNH:2
FNDA:2,validateGame
FNDA:1,validatePartialGame
DA:5,2
DA:27,2
DA:32,2
DA:33,2
DA:41,1
DA:46,1
DA:47,1
LF:7
LH:7
BRF:0
BRH:0
end_of_record
TN:
SF:src\Business\schemas\player.schema.js
FN:31,validatePlayer
FN:46,validatePartialPlayer
FNF:2
FNH:2
FNDA:2,validatePlayer
FNDA:1,validatePartialPlayer
DA:4,1
DA:32,2
DA:37,2
DA:38,2
DA:47,1
DA:52,1
DA:53,1
LF:7
LH:7
BRF:0
BRH:0
end_of_record
TN:
SF:src\Data\Database\Connection.js
FN:13,(anonymous_0)
FN:22,(anonymous_1)
FNF:2
FNH:0
FNDA:0,(anonymous_0)
FNDA:0,(anonymous_1)
DA:4,9
DA:13,9
DA:14,0
DA:15,0
DA:16,0
DA:18,0
DA:22,9
DA:23,0
DA:24,0
DA:27,0
DA:29,0
LF:11
LH:3
BRF:0
BRH:0
end_of_record
TN:
SF:src\Data\Service\Card.Service.js
FN:5,(anonymous_0)
FN:15,(anonymous_1)
FN:19,(anonymous_2)
FN:23,(anonymous_3)
FN:27,(anonymous_4)
FNF:5
FNH:4
FNDA:1,(anonymous_0)
FNDA:1,(anonymous_1)
FNDA:0,(anonymous_2)
FNDA:1,(anonymous_3)
FNDA:1,(anonymous_4)
DA:6,1
DA:16,1
DA:20,0
DA:24,1
DA:28,1
DA:29,1
DA:30,1
DA:31,1
DA:33,0
LF:9
LH:7
BRDA:29,0,0,1
BRDA:29,0,1,0
BRF:2
BRH:1
end_of_record
TN:
SF:src\Data\Service\Game.Service.js
FN:5,(anonymous_0)
FN:15,(anonymous_1)
FN:19,(anonymous_2)
FN:23,(anonymous_3)
FN:27,(anonymous_4)
FNF:5
FNH:5
FNDA:4,(anonymous_0)
FNDA:2,(anonymous_1)
FNDA:1,(anonymous_2)
FNDA:2,(anonymous_3)
FNDA:2,(anonymous_4)
DA:6,4
DA:16,2
DA:20,1
DA:24,2
DA:28,2
DA:29,2
DA:30,1
DA:31,1
DA:33,1
LF:9
LH:9
BRDA:29,0,0,1
BRDA:29,0,1,1
BRF:2
BRH:2
end_of_record
TN:
SF:src\Data\Service\Player.Service.js
FN:5,(anonymous_0)
FN:16,(anonymous_1)
FN:24,(anonymous_2)
FN:33,(anonymous_3)
FN:37,(anonymous_4)
FN:41,(anonymous_5)
FN:45,(anonymous_6)
FNF:7
FNH:4
FNDA:4,(anonymous_0)
FNDA:0,(anonymous_1)
FNDA:0,(anonymous_2)
FNDA:2,(anonymous_3)
FNDA:1,(anonymous_4)
FNDA:0,(anonymous_5)
FNDA:2,(anonymous_6)
DA:6,4
DA:17,0
DA:25,0
DA:34,2
DA:38,1
DA:42,0
DA:46,2
DA:47,2
DA:48,1
DA:49,1
DA:51,1
LF:11
LH:8
BRDA:47,0,0,1
BRDA:47,0,1,1
BRF:2
BRH:2
end_of_record
TN:
SF:src\Data\Service\PlayerGame.Service.js
FN:7,(anonymous_0)
FN:11,(anonymous_1)
FN:23,(anonymous_2)
FNF:3
FNH:0
FNDA:0,(anonymous_0)
FNDA:0,(anonymous_1)
FNDA:0,(anonymous_2)
DA:8,0
DA:12,0
DA:24,0
LF:3
LH:0
BRF:0
BRH:0
end_of_record
TN:
SF:src\Data\Service\Score.Service.js
FN:5,(anonymous_0)
FN:15,(anonymous_1)
FN:19,(anonymous_2)
FN:23,(anonymous_3)
FN:27,(anonymous_4)
FNF:5
FNH:5
FNDA:4,(anonymous_0)
FNDA:2,(anonymous_1)
FNDA:1,(anonymous_2)
FNDA:2,(anonymous_3)
FNDA:2,(anonymous_4)
DA:6,4
DA:16,2
DA:20,1
DA:24,2
DA:28,2
DA:29,2
DA:30,1
DA:31,1
DA:33,1
LF:9
LH:9
BRDA:29,0,0,1
BRDA:29,0,1,1
BRF:2
BRH:2
end_of_record
TN:
SF:src\Data\Service\TokenInvalid.Service.js
FN:2,(anonymous_0)
FN:6,(anonymous_1)
FN:11,(anonymous_2)
FNF:3
FNH:3
FNDA:3,(anonymous_0)
FNDA:3,(anonymous_1)
FNDA:3,(anonymous_2)
DA:3,3
DA:7,3
DA:8,3
DA:12,3
DA:16,3
LF:5
LH:5
BRF:0
BRH:0
end_of_record
TN:
SF:src\Presentation\Controllers\Card.Controller.js
FN:7,(anonymous_0)
FN:20,(anonymous_1)
FN:25,(anonymous_2)
FN:31,(anonymous_3)
FN:46,(anonymous_4)
FNF:5
FNH:5
FNDA:2,(anonymous_0)
FNDA:1,(anonymous_1)
FNDA:1,(anonymous_2)
FNDA:2,(anonymous_3)
FNDA:1,(anonymous_4)
DA:7,1
DA:8,2
DA:9,2
DA:10,1
DA:15,1
DA:16,1
DA:20,1
DA:21,1
DA:22,1
DA:25,1
DA:26,1
DA:27,1
DA:31,1
DA:32,2
DA:33,2
DA:34,2
DA:35,1
DA:39,1
DA:46,1
DA:47,1
DA:48,1
DA:49,1
DA:50,0
DA:56,1
DA:57,1
LF:25
LH:24
BRDA:9,0,0,1
BRDA:9,0,1,1
BRDA:34,1,0,1
BRDA:34,1,1,1
BRDA:49,2,0,0
BRDA:49,2,1,1
BRF:6
BRH:5
end_of_record
TN:
SF:src\Presentation\Controllers\Game.Controller.js
FN:7,(anonymous_0)
FN:13,(anonymous_1)
FN:19,(anonymous_2)
FN:36,(anonymous_3)
FN:53,(anonymous_4)
FNF:5
FNH:5
FNDA:1,(anonymous_0)
FNDA:1,(anonymous_1)
FNDA:2,(anonymous_2)
FNDA:1,(anonymous_3)
FNDA:2,(anonymous_4)
DA:7,1
DA:8,1
DA:9,1
DA:13,1
DA:14,1
DA:15,1
DA:19,1
DA:20,2
DA:22,2
DA:23,1
DA:28,1
DA:29,1
DA:36,1
DA:38,1
DA:39,1
DA:41,1
DA:42,0
DA:48,1
DA:49,1
DA:53,1
DA:54,2
DA:55,2
DA:56,2
DA:57,1
DA:61,1
LF:25
LH:24
BRDA:22,0,0,1
BRDA:22,0,1,1
BRDA:41,1,0,0
BRDA:41,1,1,1
BRDA:56,2,0,1
BRDA:56,2,1,1
BRF:6
BRH:5
end_of_record
TN:
SF:src\Presentation\Controllers\Player.Controller.js
FN:11,(anonymous_0)
FN:16,(anonymous_1)
FN:21,(anonymous_2)
FN:37,(anonymous_3)
FN:61,(anonymous_4)
FN:86,(anonymous_5)
FN:144,(anonymous_6)
FN:168,(anonymous_7)
FN:192,(anonymous_8)
FN:209,(anonymous_9)
FNF:10
FNH:3
FNDA:0,(anonymous_0)
FNDA:0,(anonymous_1)
FNDA:2,(anonymous_2)
FNDA:1,(anonymous_3)
FNDA:0,(anonymous_4)
FNDA:0,(anonymous_5)
FNDA:1,(anonymous_6)
FNDA:0,(anonymous_7)
FNDA:0,(anonymous_8)
FNDA:0,(anonymous_9)
DA:11,1
DA:12,0
DA:13,0
DA:16,1
DA:17,0
DA:18,0
DA:21,1
DA:22,2
DA:24,2
DA:25,1
DA:31,1
DA:33,1
DA:37,1
DA:38,1
DA:39,1
DA:40,1
DA:41,0
DA:46,1
DA:47,1
DA:48,1
DA:49,0
DA:53,1
DA:54,1
DA:61,1
DA:63,0
DA:64,0
DA:65,0
DA:71,0
DA:79,0
DA:86,1
DA:87,0
DA:89,0
DA:90,0
DA:96,0
DA:97,0
DA:98,0
DA:104,0
DA:107,0
DA:108,0
DA:109,0
DA:116,0
DA:117,0
DA:118,0
DA:126,0
DA:131,0
DA:132,0
DA:138,0
DA:144,1
DA:145,1
DA:147,1
DA:148,0
DA:154,1
DA:156,1
DA:157,0
DA:163,1
DA:168,1
DA:169,0
DA:170,0
DA:171,0
DA:176,0
DA:177,0
DA:178,0
DA:179,0
DA:184,0
DA:185,0
DA:192,1
DA:194,0
DA:195,0
DA:196,0
DA:197,0
DA:203,0
DA:204,0
DA:209,1
DA:210,0
DA:211,0
DA:212,0
DA:213,0
DA:218,0
LF:78
LH:28
BRDA:24,0,0,1
BRDA:24,0,1,1
BRDA:40,1,0,0
BRDA:40,1,1,1
BRDA:48,2,0,0
BRDA:48,2,1,1
BRDA:64,3,0,0
BRDA:64,3,1,0
BRDA:89,4,0,0
BRDA:89,4,1,0
BRDA:89,5,0,0
BRDA:89,5,1,0
BRDA:97,6,0,0
BRDA:97,6,1,0
BRDA:108,7,0,0
BRDA:108,7,1,0
BRDA:117,8,0,0
BRDA:117,8,1,0
BRDA:131,9,0,0
BRDA:131,9,1,0
BRDA:147,10,0,0
BRDA:147,10,1,1
BRDA:156,11,0,0
BRDA:156,11,1,1
BRDA:170,12,0,0
BRDA:170,12,1,0
BRDA:178,13,0,0
BRDA:178,13,1,0
BRDA:196,14,0,0
BRDA:196,14,1,0
BRDA:212,15,0,0
BRDA:212,15,1,0
BRF:32
BRH:6
end_of_record
TN:
SF:src\Presentation\router\Card.Router.js
FNF:0
FNH:0
DA:6,1
DA:8,1
DA:9,1
DA:11,1
LF:4
LH:4
BRF:0
BRH:0
end_of_record
TN:
SF:src\Presentation\router\Game.Router.js
FNF:0
FNH:0
DA:6,1
DA:8,1
DA:9,1
DA:11,1
LF:4
LH:4
BRF:0
BRH:0
end_of_record
TN:
SF:src\Presentation\router\Player.Router.js
FNF:0
FNH:0
DA:5,1
DA:8,1
DA:9,1
DA:10,1
DA:12,1
DA:14,1
DA:15,1
DA:16,1
DA:23,1
DA:24,1
LF:10
LH:10
BRF:0
BRH:0
end_of_record
TN:
SF:src\config\Utils\DecodedToken.js
FN:6,(anonymous_0)
FNF:1
FNH:1
FNDA:3,(anonymous_0)
DA:6,2
DA:7,3
DA:8,3
DA:9,0
DA:10,0
DA:12,0
DA:13,0
LF:7
LH:3
BRF:0
BRH:0
end_of_record
TN:
SF:src\config\enviroments\enviroments.js
FNF:0
FNH:0
DA:4,12
LF:1
LH:1
BRF:0
BRH:0
end_of_record
