{"D:\\JalaUniversity\\Semestre IV\\PROGRAMACION IV\\Laboratorio\\aldo-ochoa\\Labs\\Week4\\Activity2\\src\\activity2.js": {"path":"D:\\JalaUniversity\\Semestre IV\\PROGRAMACION IV\\Laboratorio\\aldo-ochoa\\Labs\\Week4\\Activity2\\src\\activity2.js","statementMap":{"0":{"start":{"line":4,"column":19},"end":{"line":4,"column":64}},"1":{"start":{"line":5,"column":2},"end":{"line":5,"column":23}},"2":{"start":{"line":9,"column":20},"end":{"line":9,"column":39}},"3":{"start":{"line":11,"column":4},"end":{"line":14,"column":5}},"4":{"start":{"line":13,"column":6},"end":{"line":13,"column":57}},"5":{"start":{"line":16,"column":4},"end":{"line":16,"column":24}}},"fnMap":{"0":{"name":"getCatFacts","decl":{"start":{"line":3,"column":22},"end":{"line":3,"column":33}},"loc":{"start":{"line":3,"column":36},"end":{"line":6,"column":1}},"line":3},"1":{"name":"getShowMoreButton","decl":{"start":{"line":8,"column":22},"end":{"line":8,"column":39}},"loc":{"start":{"line":8,"column":42},"end":{"line":17,"column":3}},"line":8}},"branchMap":{"0":{"loc":{"start":{"line":11,"column":4},"end":{"line":14,"column":5}},"type":"if","locations":[{"start":{"line":11,"column":4},"end":{"line":14,"column":5}},{"start":{},"end":{}}],"line":11}},"s":{"0":2,"1":2,"2":2,"3":2,"4":1,"5":1},"f":{"0":2,"1":2},"b":{"0":[1,1]},"_coverageSchema":"1a1c01bbd47fc00a2c39e90264f33305004495a9","hash":"8752f3c8e3192bd2674b28111bc53739aa50660a"}
}
